<?xml version="1.0" encoding="utf-8"?>
<TestRun id="67e4c7bf-5879-4d9f-af9a-40c14a850d8a" name="ohzee@ROCINATE 2026-02-09 11:18:38" runUser="ROCINATE\ohzee" xmlns="http://microsoft.com/schemas/VisualStudio/TeamTest/2010">
  <Times creation="2026-02-09T11:18:38.8776204-05:00" queuing="2026-02-09T11:18:38.8776208-05:00" start="2026-02-09T11:18:38.3454531-05:00" finish="2026-02-09T11:18:38.8812814-05:00" />
  <TestSettings name="default" id="231539a7-582c-4985-aef0-d7ea5d32ba2c">
    <Deployment runDeploymentRoot="ohzee_ROCINATE_2026-02-09_11_18_38" />
  </TestSettings>
  <Results>
    <UnitTestResult executionId="1c35f0d2-528d-435e-99f3-da08e08e32d8" testId="4226a219-379e-a0e3-6d83-358222aeb520" testName="PitWall.Tests.StrategyTests.TyreTemp_Overheat_ReturnsWarning" computerName="ROCINATE" duration="00:00:00.0638090" startTime="2026-02-09T11:18:38.8101945-05:00" endTime="2026-02-09T11:18:38.8102045-05:00" testType="13cdc9d9-ddb5-4fa4-a97d-d965ccfc6d4b" outcome="Passed" testListId="8c84fa94-04c1-424b-9868-57a2d4851a1d" relativeResultsDirectory="1c35f0d2-528d-435e-99f3-da08e08e32d8" />
    <UnitTestResult executionId="fee54ef2-4b2f-4d68-a0eb-3a2fb242da4d" testId="3b114e58-c83b-c054-292a-ef4975205740" testName="PitWall.Tests.StrategyTests.FuelProjection_CalculatesLaps" computerName="ROCINATE" duration="00:00:00.0024692" startTime="2026-02-09T11:18:38.8123810-05:00" endTime="2026-02-09T11:18:38.8123811-05:00" testType="13cdc9d9-ddb5-4fa4-a97d-d965ccfc6d4b" outcome="Passed" testListId="8c84fa94-04c1-424b-9868-57a2d4851a1d" relativeResultsDirectory="fee54ef2-4b2f-4d68-a0eb-3a2fb242da4d" />
  </Results>
  <TestDefinitions>
    <UnitTest name="PitWall.Tests.StrategyTests.FuelProjection_CalculatesLaps" storage="c:\users\ohzee\.claude-worktrees\pitwall\vibrant-meninsky\pitwall.lmu\pitwall.tests\bin\debug\net9.0\pitwall.tests.dll" id="3b114e58-c83b-c054-292a-ef4975205740">
      <Execution id="fee54ef2-4b2f-4d68-a0eb-3a2fb242da4d" />
      <TestMethod codeBase="C:\Users\ohzee\.claude-worktrees\PitWall\vibrant-meninsky\PitWall.LMU\PitWall.Tests\bin\Debug\net9.0\PitWall.Tests.dll" adapterTypeName="executor://xunit/VsTestRunner2/netcoreapp" className="PitWall.Tests.StrategyTests" name="FuelProjection_CalculatesLaps" />
    </UnitTest>
    <UnitTest name="PitWall.Tests.StrategyTests.TyreTemp_Overheat_ReturnsWarning" storage="c:\users\ohzee\.claude-worktrees\pitwall\vibrant-meninsky\pitwall.lmu\pitwall.tests\bin\debug\net9.0\pitwall.tests.dll" id="4226a219-379e-a0e3-6d83-358222aeb520">
      <Execution id="1c35f0d2-528d-435e-99f3-da08e08e32d8" />
      <TestMethod codeBase="C:\Users\ohzee\.claude-worktrees\PitWall\vibrant-meninsky\PitWall.LMU\PitWall.Tests\bin\Debug\net9.0\PitWall.Tests.dll" adapterTypeName="executor://xunit/VsTestRunner2/netcoreapp" className="PitWall.Tests.StrategyTests" name="TyreTemp_Overheat_ReturnsWarning" />
    </UnitTest>
  </TestDefinitions>
  <TestEntries>
    <TestEntry testId="4226a219-379e-a0e3-6d83-358222aeb520" executionId="1c35f0d2-528d-435e-99f3-da08e08e32d8" testListId="8c84fa94-04c1-424b-9868-57a2d4851a1d" />
    <TestEntry testId="3b114e58-c83b-c054-292a-ef4975205740" executionId="fee54ef2-4b2f-4d68-a0eb-3a2fb242da4d" testListId="8c84fa94-04c1-424b-9868-57a2d4851a1d" />
  </TestEntries>
  <TestLists>
    <TestList name="Results Not in a List" id="8c84fa94-04c1-424b-9868-57a2d4851a1d" />
    <TestList name="All Loaded Results" id="19431567-8539-422a-85d7-44ee4e166bda" />
  </TestLists>
  <ResultSummary outcome="Completed">
    <Counters total="2" executed="2" passed="2" failed="0" error="0" timeout="0" aborted="0" inconclusive="0" passedButRunAborted="0" notRunnable="0" notExecuted="0" disconnected="0" warning="0" completed="0" inProgress="0" pending="0" />
    <Output>
      <StdOut>[xUnit.net 00:00:00.00] xUnit.net VSTest Adapter v2.8.2+699d445a1a (64-bit .NET 9.0.5)&#xD;
[xUnit.net 00:00:00.05]   Discovering: PitWall.Tests&#xD;
[xUnit.net 00:00:00.07]   Discovered:  PitWall.Tests&#xD;
[xUnit.net 00:00:00.07]   Starting:    PitWall.Tests&#xD;
[xUnit.net 00:00:00.17]   Finished:    PitWall.Tests&#xD;
</StdOut>
    </Output>
  </ResultSummary>
</TestRun>